<html>
<head>
<title>TestNG:  Surefire test</title>
<link href="../testng.css" rel="stylesheet" type="text/css" />
<link href="../my-testng.css" rel="stylesheet" type="text/css" />

<style type="text/css">
.log { display: none;} 
.stack-trace { display: none;} 
</style>
<script type="text/javascript">
<!--
function flip(e) {
  current = e.style.display;
  if (current == 'block') {
    e.style.display = 'none';
    return 0;
  }
  else {
    e.style.display = 'block';
    return 1;
  }
}

function toggleBox(szDivId, elem, msg1, msg2)
{
  var res = -1;  if (document.getElementById) {
    res = flip(document.getElementById(szDivId));
  }
  else if (document.all) {
    // this is the way old msie versions work
    res = flip(document.all[szDivId]);
  }
  if(elem) {
    if(res == 0) elem.innerHTML = msg1; else elem.innerHTML = msg2;
  }

}

function toggleAllBoxes() {
  if (document.getElementsByTagName) {
    d = document.getElementsByTagName('div');
    for (i = 0; i < d.length; i++) {
      if (d[i].className == 'log') {
        flip(d[i]);
      }
    }
  }
}

// -->
</script>

</head>
<body>
<h2 align='center'>Surefire test</h2><table border='1' align="center">
<tr>
<td>Tests passed/Failed/Skipped:</td><td>2/15/0</td>
</tr><tr>
<td>Started on:</td><td>Thu May 11 02:16:04 IST 2023</td>
</tr>
<tr><td>Total time:</td><td>11 seconds (11427 ms)</td>
</tr><tr>
<td>Included groups:</td><td></td>
</tr><tr>
<td>Excluded groups:</td><td></td>
</tr>
</table><p/>
<small><i>(Hover the method name to see the test class name)</i></small><p/>
<table width='100%' border='1' class='invocation-failed'>
<tr><td colspan='4' align='center'><b>FAILED TESTS</b></td></tr>
<tr><td><b>Test method</b></td>
<td><b>Attribute(s)</b></td>
<td width="30%"><b>Exception</b></td>
<td width="10%"><b>Time (seconds)</b></td>
<td><b>Instance</b></td>
</tr>
<tr>
<td title='com.amused.runner.TestRunner.runScenario()'><b>runScenario</b><br>Test class: com.amused.runner.TestRunner<br>Test method: Runs Cucumber Scenarios<br>Parameters: "Verifying the "Special_Characters_FOR_NAME_Field" Negative Scenarios", "Optional[ADD Single Object POST API]"</td>
<td><div><pre>java.lang.AssertionError: expected [400] but found [405]
	at com.amused.testSteps.testStepDef.validateTheStatusCodeIs(testStepDef.java:184)
	at ?.validate the status code is 400(file:///C:/Personal.work/qa-api-automation/src/test/resources/features/AddObjectAPI.feature:29)
... Removed 7 stack frames</pre></div><a href='#' onClick='toggleBox("stack-trace455536646", this, "Click to show all stack frames", "Click to hide stack frames")'>Click to show all stack frames</a>
<div class='stack-trace' id='stack-trace455536646'><pre>java.lang.AssertionError: expected [400] but found [405]
	at org.testng.Assert.fail(Assert.java:110)
	at org.testng.Assert.failNotEquals(Assert.java:1577)
	at org.testng.Assert.assertEqualsImpl(Assert.java:149)
	at org.testng.Assert.assertEquals(Assert.java:131)
	at org.testng.Assert.assertEquals(Assert.java:1418)
	at org.testng.Assert.assertEquals(Assert.java:1382)
	at org.testng.Assert.assertEquals(Assert.java:1428)
	at com.amused.testSteps.testStepDef.validateTheStatusCodeIs(testStepDef.java:184)
	at ?.validate the status code is 400(file:///C:/Personal.work/qa-api-automation/src/test/resources/features/AddObjectAPI.feature:29)
</pre></div></td>
<td>0</td>
<td>com.amused.runner.TestRunner@2630dbc4</td></tr>
<tr>
<td title='com.amused.runner.TestRunner.runScenario()'><b>runScenario</b><br>Test class: com.amused.runner.TestRunner<br>Test method: Runs Cucumber Scenarios<br>Parameters: "Verify that the response is not vulnerable to common web application attacks", "Optional[Retrieve Single Object GET API]"</td>
<td><div><pre>java.lang.AssertionError: 1 expectation failed.
Expected status code &lt;400&gt; but was &lt;405&gt;.

	at org.codehaus.groovy.runtime.callsite.ConstructorSite$ConstructorSiteNoUnwrap.callConstructor(ConstructorSite.java:86)
	at org.codehaus.groovy.runtime.callsite.CallSiteArray.defaultCallConstructor(CallSiteArray.java:57)
	at org.codehaus.groovy.runtime.callsite.AbstractCallSite.callConstructor(AbstractCallSite.java:263)
	at org.codehaus.groovy.runtime.callsite.AbstractCallSite.callConstructor(AbstractCallSite.java:277)
	at io.restassured.internal.ResponseSpecificationImpl$HamcrestAssertionClosure.validate(ResponseSpecificationImpl.groovy:512)
	at io.restassured.internal.ResponseSpecificationImpl$HamcrestAssertionClosure$validate$1.call(Unknown Source)
	at org.codehaus.groovy.runtime.callsite.CallSiteArray.defaultCall(CallSiteArray.java:45)
	at org.codehaus.groovy.runtime.callsite.AbstractCallSite.call(AbstractCallSite.java:125)
	at org.codehaus.groovy.runtime.callsite.AbstractCallSite.call(AbstractCallSite.java:139)
	at io.restassured.internal.ResponseSpecificationImpl.validateResponseIfRequired(ResponseSpecificationImpl.groovy:696)
	at io.restassured.internal.ResponseSpecificationImpl.this$2$validateResponseIfRequired(ResponseSpecificationImpl.groovy)
	at org.codehaus.groovy.runtime.callsite.PlainObjectMetaMethodSite.doInvoke(PlainObjectMetaMethodSite.java:43)
	at org.codehaus.groovy.runtime.callsite.PogoMetaMethodSite$PogoCachedMethodSiteNoUnwrapNoCoerce.invoke(PogoMetaMethodSite.java:198)
	at org.codehaus.groovy.runtime.callsite.PogoMetaMethodSite.callCurrent(PogoMetaMethodSite.java:62)
	at org.codehaus.groovy.runtime.callsite.CallSiteArray.defaultCallCurrent(CallSiteArray.java:49)
	at org.codehaus.groovy.runtime.callsite.AbstractCallSite.callCurrent(AbstractCallSite.java:171)
	at org.codehaus.groovy.runtime.callsite.AbstractCallSite.callCurrent(AbstractCallSite.java:185)
	at io.restassured.internal.ResponseSpecificationImpl.statusCode(ResponseSpecificationImpl.groovy:135)
	at io.restassured.specification.ResponseSpecification$statusCode$0.callCurrent(Unknown Source)
	at org.codehaus.groovy.runtime.callsite.CallSiteArray.defaultCallCurrent(CallSiteArray.java:49)
	at org.codehaus.groovy.runtime.callsite.AbstractCallSite.callCurrent(AbstractCallSite.java:171)
	at org.codehaus.groovy.runtime.callsite.AbstractCallSite.callCurrent(AbstractCallSite.java:185)
	at io.restassured.internal.ResponseSpecificationImpl.statusCode(ResponseSpecificationImpl.groovy:143)
	at io.restassured.internal.ValidatableResponseOptionsImpl.statusCode(ValidatableResponseOptionsImpl.java:89)
	at com.amused.testSteps.testStepDef.checkTheSQLInjectionForGetObjectAPI(testStepDef.java:313)
	at ?.Check the &quot;SQL_INJECTION&quot; for get Object API(file:///C:/Personal.work/qa-api-automation/src/test/resources/features/GetObjectAPI.feature:27)
... Removed 10 stack frames</pre></div><a href='#' onClick='toggleBox("stack-trace553703553", this, "Click to show all stack frames", "Click to hide stack frames")'>Click to show all stack frames</a>
<div class='stack-trace' id='stack-trace553703553'><pre>java.lang.AssertionError: 1 expectation failed.
Expected status code &lt;400&gt; but was &lt;405&gt;.

	at java.base/jdk.internal.reflect.NativeConstructorAccessorImpl.newInstance0(Native Method)
	at java.base/jdk.internal.reflect.NativeConstructorAccessorImpl.newInstance(NativeConstructorAccessorImpl.java:62)
	at java.base/jdk.internal.reflect.DelegatingConstructorAccessorImpl.newInstance(DelegatingConstructorAccessorImpl.java:45)
	at java.base/java.lang.reflect.Constructor.newInstance(Constructor.java:490)
	at org.codehaus.groovy.reflection.CachedConstructor.invoke(CachedConstructor.java:73)
	at org.codehaus.groovy.reflection.CachedConstructor.doConstructorInvoke(CachedConstructor.java:60)
	at org.codehaus.groovy.runtime.callsite.ConstructorSite$ConstructorSiteNoUnwrap.callConstructor(ConstructorSite.java:86)
	at org.codehaus.groovy.runtime.callsite.CallSiteArray.defaultCallConstructor(CallSiteArray.java:57)
	at org.codehaus.groovy.runtime.callsite.AbstractCallSite.callConstructor(AbstractCallSite.java:263)
	at org.codehaus.groovy.runtime.callsite.AbstractCallSite.callConstructor(AbstractCallSite.java:277)
	at io.restassured.internal.ResponseSpecificationImpl$HamcrestAssertionClosure.validate(ResponseSpecificationImpl.groovy:512)
	at io.restassured.internal.ResponseSpecificationImpl$HamcrestAssertionClosure$validate$1.call(Unknown Source)
	at org.codehaus.groovy.runtime.callsite.CallSiteArray.defaultCall(CallSiteArray.java:45)
	at org.codehaus.groovy.runtime.callsite.AbstractCallSite.call(AbstractCallSite.java:125)
	at org.codehaus.groovy.runtime.callsite.AbstractCallSite.call(AbstractCallSite.java:139)
	at io.restassured.internal.ResponseSpecificationImpl.validateResponseIfRequired(ResponseSpecificationImpl.groovy:696)
	at io.restassured.internal.ResponseSpecificationImpl.this$2$validateResponseIfRequired(ResponseSpecificationImpl.groovy)
	at java.base/jdk.internal.reflect.NativeMethodAccessorImpl.invoke0(Native Method)
	at java.base/jdk.internal.reflect.NativeMethodAccessorImpl.invoke(NativeMethodAccessorImpl.java:62)
	at java.base/jdk.internal.reflect.DelegatingMethodAccessorImpl.invoke(DelegatingMethodAccessorImpl.java:43)
	at java.base/java.lang.reflect.Method.invoke(Method.java:566)
	at org.codehaus.groovy.runtime.callsite.PlainObjectMetaMethodSite.doInvoke(PlainObjectMetaMethodSite.java:43)
	at org.codehaus.groovy.runtime.callsite.PogoMetaMethodSite$PogoCachedMethodSiteNoUnwrapNoCoerce.invoke(PogoMetaMethodSite.java:198)
	at org.codehaus.groovy.runtime.callsite.PogoMetaMethodSite.callCurrent(PogoMetaMethodSite.java:62)
	at org.codehaus.groovy.runtime.callsite.CallSiteArray.defaultCallCurrent(CallSiteArray.java:49)
	at org.codehaus.groovy.runtime.callsite.AbstractCallSite.callCurrent(AbstractCallSite.java:171)
	at org.codehaus.groovy.runtime.callsite.AbstractCallSite.callCurrent(AbstractCallSite.java:185)
	at io.restassured.internal.ResponseSpecificationImpl.statusCode(ResponseSpecificationImpl.groovy:135)
	at io.restassured.specification.ResponseSpecification$statusCode$0.callCurrent(Unknown Source)
	at org.codehaus.groovy.runtime.callsite.CallSiteArray.defaultCallCurrent(CallSiteArray.java:49)
	at org.codehaus.groovy.runtime.callsite.AbstractCallSite.callCurrent(AbstractCallSite.java:171)
	at org.codehaus.groovy.runtime.callsite.AbstractCallSite.callCurrent(AbstractCallSite.java:185)
	at io.restassured.internal.ResponseSpecificationImpl.statusCode(ResponseSpecificationImpl.groovy:143)
	at io.restassured.internal.ValidatableResponseOptionsImpl.statusCode(ValidatableResponseOptionsImpl.java:89)
	at com.amused.testSteps.testStepDef.checkTheSQLInjectionForGetObjectAPI(testStepDef.java:313)
	at ?.Check the &quot;SQL_INJECTION&quot; for get Object API(file:///C:/Personal.work/qa-api-automation/src/test/resources/features/GetObjectAPI.feature:27)
</pre></div></td>
<td>0</td>
<td>com.amused.runner.TestRunner@2630dbc4</td></tr>
<tr>
<td title='com.amused.runner.TestRunner.runScenario()'><b>runScenario</b><br>Test class: com.amused.runner.TestRunner<br>Test method: Runs Cucumber Scenarios<br>Parameters: "Verifying the User partially Update the already created Object", "Optional[End to End API Workflow (Add, Get , Update , Patch and Delete)]"</td>
<td><div><pre>java.lang.AssertionError: setNameToObject Step is failed due to exception of java.lang.NullPointerException
	at com.amused.testSteps.testStepDef.userInvokeTheUpdatePartiallyAPI(testStepDef.java:176)
	at ?.user partially update the &quot;ABOVE&quot; Object using api Request(file:///C:/Personal.work/qa-api-automation/src/test/resources/features/e2eworkflow.feature:42)
... Removed 1 stack frames</pre></div><a href='#' onClick='toggleBox("stack-trace1050991813", this, "Click to show all stack frames", "Click to hide stack frames")'>Click to show all stack frames</a>
<div class='stack-trace' id='stack-trace1050991813'><pre>java.lang.AssertionError: setNameToObject Step is failed due to exception of java.lang.NullPointerException
	at org.testng.Assert.fail(Assert.java:110)
	at com.amused.testSteps.testStepDef.userInvokeTheUpdatePartiallyAPI(testStepDef.java:176)
	at ?.user partially update the &quot;ABOVE&quot; Object using api Request(file:///C:/Personal.work/qa-api-automation/src/test/resources/features/e2eworkflow.feature:42)
</pre></div></td>
<td>0</td>
<td>com.amused.runner.TestRunner@2630dbc4</td></tr>
<tr>
<td title='com.amused.runner.TestRunner.runScenario()'><b>runScenario</b><br>Test class: com.amused.runner.TestRunner<br>Test method: Runs Cucumber Scenarios<br>Parameters: "Verifying the User DELETE the already created Object", "Optional[End to End API Workflow (Add, Get , Update , Patch and Delete)]"</td>
<td><div><pre>java.lang.AssertionError: expected [200] but found [405]
	at com.amused.testSteps.testStepDef.validateTheStatusCodeIs(testStepDef.java:184)
	at ?.validate the status code is 200(file:///C:/Personal.work/qa-api-automation/src/test/resources/features/e2eworkflow.feature:51)
... Removed 7 stack frames</pre></div><a href='#' onClick='toggleBox("stack-trace1383831706", this, "Click to show all stack frames", "Click to hide stack frames")'>Click to show all stack frames</a>
<div class='stack-trace' id='stack-trace1383831706'><pre>java.lang.AssertionError: expected [200] but found [405]
	at org.testng.Assert.fail(Assert.java:110)
	at org.testng.Assert.failNotEquals(Assert.java:1577)
	at org.testng.Assert.assertEqualsImpl(Assert.java:149)
	at org.testng.Assert.assertEquals(Assert.java:131)
	at org.testng.Assert.assertEquals(Assert.java:1418)
	at org.testng.Assert.assertEquals(Assert.java:1382)
	at org.testng.Assert.assertEquals(Assert.java:1428)
	at com.amused.testSteps.testStepDef.validateTheStatusCodeIs(testStepDef.java:184)
	at ?.validate the status code is 200(file:///C:/Personal.work/qa-api-automation/src/test/resources/features/e2eworkflow.feature:51)
</pre></div></td>
<td>0</td>
<td>com.amused.runner.TestRunner@2630dbc4</td></tr>
<tr>
<td title='com.amused.runner.TestRunner.runScenario()'><b>runScenario</b><br>Test class: com.amused.runner.TestRunner<br>Test method: Runs Cucumber Scenarios<br>Parameters: "Verifying the "NULL_FOR_NAME_Field" Negative Scenarios", "Optional[ADD Single Object POST API]"</td>
<td><div><pre>java.lang.AssertionError: expected [400] but found [405]
	at com.amused.testSteps.testStepDef.validateTheStatusCodeIs(testStepDef.java:184)
	at ?.validate the status code is 400(file:///C:/Personal.work/qa-api-automation/src/test/resources/features/AddObjectAPI.feature:29)
... Removed 7 stack frames</pre></div><a href='#' onClick='toggleBox("stack-trace1626053673", this, "Click to show all stack frames", "Click to hide stack frames")'>Click to show all stack frames</a>
<div class='stack-trace' id='stack-trace1626053673'><pre>java.lang.AssertionError: expected [400] but found [405]
	at org.testng.Assert.fail(Assert.java:110)
	at org.testng.Assert.failNotEquals(Assert.java:1577)
	at org.testng.Assert.assertEqualsImpl(Assert.java:149)
	at org.testng.Assert.assertEquals(Assert.java:131)
	at org.testng.Assert.assertEquals(Assert.java:1418)
	at org.testng.Assert.assertEquals(Assert.java:1382)
	at org.testng.Assert.assertEquals(Assert.java:1428)
	at com.amused.testSteps.testStepDef.validateTheStatusCodeIs(testStepDef.java:184)
	at ?.validate the status code is 400(file:///C:/Personal.work/qa-api-automation/src/test/resources/features/AddObjectAPI.feature:29)
</pre></div></td>
<td>0</td>
<td>com.amused.runner.TestRunner@2630dbc4</td></tr>
<tr>
<td title='com.amused.runner.TestRunner.runScenario()'><b>runScenario</b><br>Test class: com.amused.runner.TestRunner<br>Test method: Runs Cucumber Scenarios<br>Parameters: "Verifying the User Update the Already created Object", "Optional[End to End API Workflow (Add, Get , Update , Patch and Delete)]"</td>
<td><div><pre>java.lang.AssertionError: setNameToObject Step is failed due to exception of java.lang.NullPointerException
	at com.amused.testSteps.testStepDef.userInvokeTheUpdateObjectAPI(testStepDef.java:144)
	at ?.user update the &quot;ABOVE&quot; Object using api Request(file:///C:/Personal.work/qa-api-automation/src/test/resources/features/e2eworkflow.feature:31)
... Removed 1 stack frames</pre></div><a href='#' onClick='toggleBox("stack-trace1210180003", this, "Click to show all stack frames", "Click to hide stack frames")'>Click to show all stack frames</a>
<div class='stack-trace' id='stack-trace1210180003'><pre>java.lang.AssertionError: setNameToObject Step is failed due to exception of java.lang.NullPointerException
	at org.testng.Assert.fail(Assert.java:110)
	at com.amused.testSteps.testStepDef.userInvokeTheUpdateObjectAPI(testStepDef.java:144)
	at ?.user update the &quot;ABOVE&quot; Object using api Request(file:///C:/Personal.work/qa-api-automation/src/test/resources/features/e2eworkflow.feature:31)
</pre></div></td>
<td>0</td>
<td>com.amused.runner.TestRunner@2630dbc4</td></tr>
<tr>
<td title='com.amused.runner.TestRunner.runScenario()'><b>runScenario</b><br>Test class: com.amused.runner.TestRunner<br>Test method: Runs Cucumber Scenarios<br>Parameters: "Verify the Negative Scenarios", "Optional[Retrieve Single Object GET API]"</td>
<td><div><pre>java.lang.AssertionError: expected [404] but found [405]
	at com.amused.testSteps.testStepDef.validateTheStatusCodeIs(testStepDef.java:184)
	at ?.validate the status code is 404(file:///C:/Personal.work/qa-api-automation/src/test/resources/features/GetObjectAPI.feature:18)
... Removed 7 stack frames</pre></div><a href='#' onClick='toggleBox("stack-trace1385354263", this, "Click to show all stack frames", "Click to hide stack frames")'>Click to show all stack frames</a>
<div class='stack-trace' id='stack-trace1385354263'><pre>java.lang.AssertionError: expected [404] but found [405]
	at org.testng.Assert.fail(Assert.java:110)
	at org.testng.Assert.failNotEquals(Assert.java:1577)
	at org.testng.Assert.assertEqualsImpl(Assert.java:149)
	at org.testng.Assert.assertEquals(Assert.java:131)
	at org.testng.Assert.assertEquals(Assert.java:1418)
	at org.testng.Assert.assertEquals(Assert.java:1382)
	at org.testng.Assert.assertEquals(Assert.java:1428)
	at com.amused.testSteps.testStepDef.validateTheStatusCodeIs(testStepDef.java:184)
	at ?.validate the status code is 404(file:///C:/Personal.work/qa-api-automation/src/test/resources/features/GetObjectAPI.feature:18)
</pre></div></td>
<td>0</td>
<td>com.amused.runner.TestRunner@2630dbc4</td></tr>
<tr>
<td title='com.amused.runner.TestRunner.runScenario()'><b>runScenario</b><br>Test class: com.amused.runner.TestRunner<br>Test method: Runs Cucumber Scenarios<br>Parameters: "Verify that the response is not vulnerable to common web application attacks", "Optional[Retrieve Single Object GET API]"</td>
<td><div><pre>java.lang.AssertionError: 1 expectation failed.
Expected status code &lt;400&gt; but was &lt;405&gt;.

	at org.codehaus.groovy.runtime.callsite.ConstructorSite$ConstructorSiteNoUnwrap.callConstructor(ConstructorSite.java:86)
	at org.codehaus.groovy.runtime.callsite.AbstractCallSite.callConstructor(AbstractCallSite.java:277)
	at io.restassured.internal.ResponseSpecificationImpl$HamcrestAssertionClosure.validate(ResponseSpecificationImpl.groovy:512)
	at io.restassured.internal.ResponseSpecificationImpl$HamcrestAssertionClosure$validate$1.call(Unknown Source)
	at io.restassured.internal.ResponseSpecificationImpl.validateResponseIfRequired(ResponseSpecificationImpl.groovy:696)
	at io.restassured.internal.ResponseSpecificationImpl.this$2$validateResponseIfRequired(ResponseSpecificationImpl.groovy)
	at org.codehaus.groovy.runtime.callsite.PlainObjectMetaMethodSite.doInvoke(PlainObjectMetaMethodSite.java:43)
	at org.codehaus.groovy.runtime.callsite.PogoMetaMethodSite$PogoCachedMethodSiteNoUnwrapNoCoerce.invoke(PogoMetaMethodSite.java:198)
	at org.codehaus.groovy.runtime.callsite.PogoMetaMethodSite.callCurrent(PogoMetaMethodSite.java:62)
	at org.codehaus.groovy.runtime.callsite.AbstractCallSite.callCurrent(AbstractCallSite.java:185)
	at io.restassured.internal.ResponseSpecificationImpl.statusCode(ResponseSpecificationImpl.groovy:135)
	at io.restassured.specification.ResponseSpecification$statusCode$0.callCurrent(Unknown Source)
	at io.restassured.internal.ResponseSpecificationImpl.statusCode(ResponseSpecificationImpl.groovy:143)
	at io.restassured.internal.ValidatableResponseOptionsImpl.statusCode(ValidatableResponseOptionsImpl.java:89)
	at com.amused.testSteps.testStepDef.checkTheSQLInjectionForGetObjectAPI(testStepDef.java:321)
	at ?.Check the &quot;XSS&quot; for get Object API(file:///C:/Personal.work/qa-api-automation/src/test/resources/features/GetObjectAPI.feature:27)
... Removed 10 stack frames</pre></div><a href='#' onClick='toggleBox("stack-trace647641020", this, "Click to show all stack frames", "Click to hide stack frames")'>Click to show all stack frames</a>
<div class='stack-trace' id='stack-trace647641020'><pre>java.lang.AssertionError: 1 expectation failed.
Expected status code &lt;400&gt; but was &lt;405&gt;.

	at java.base/jdk.internal.reflect.NativeConstructorAccessorImpl.newInstance0(Native Method)
	at java.base/jdk.internal.reflect.NativeConstructorAccessorImpl.newInstance(NativeConstructorAccessorImpl.java:62)
	at java.base/jdk.internal.reflect.DelegatingConstructorAccessorImpl.newInstance(DelegatingConstructorAccessorImpl.java:45)
	at java.base/java.lang.reflect.Constructor.newInstance(Constructor.java:490)
	at org.codehaus.groovy.reflection.CachedConstructor.invoke(CachedConstructor.java:73)
	at org.codehaus.groovy.reflection.CachedConstructor.doConstructorInvoke(CachedConstructor.java:60)
	at org.codehaus.groovy.runtime.callsite.ConstructorSite$ConstructorSiteNoUnwrap.callConstructor(ConstructorSite.java:86)
	at org.codehaus.groovy.runtime.callsite.AbstractCallSite.callConstructor(AbstractCallSite.java:277)
	at io.restassured.internal.ResponseSpecificationImpl$HamcrestAssertionClosure.validate(ResponseSpecificationImpl.groovy:512)
	at io.restassured.internal.ResponseSpecificationImpl$HamcrestAssertionClosure$validate$1.call(Unknown Source)
	at io.restassured.internal.ResponseSpecificationImpl.validateResponseIfRequired(ResponseSpecificationImpl.groovy:696)
	at io.restassured.internal.ResponseSpecificationImpl.this$2$validateResponseIfRequired(ResponseSpecificationImpl.groovy)
	at java.base/jdk.internal.reflect.NativeMethodAccessorImpl.invoke0(Native Method)
	at java.base/jdk.internal.reflect.NativeMethodAccessorImpl.invoke(NativeMethodAccessorImpl.java:62)
	at java.base/jdk.internal.reflect.DelegatingMethodAccessorImpl.invoke(DelegatingMethodAccessorImpl.java:43)
	at java.base/java.lang.reflect.Method.invoke(Method.java:566)
	at org.codehaus.groovy.runtime.callsite.PlainObjectMetaMethodSite.doInvoke(PlainObjectMetaMethodSite.java:43)
	at org.codehaus.groovy.runtime.callsite.PogoMetaMethodSite$PogoCachedMethodSiteNoUnwrapNoCoerce.invoke(PogoMetaMethodSite.java:198)
	at org.codehaus.groovy.runtime.callsite.PogoMetaMethodSite.callCurrent(PogoMetaMethodSite.java:62)
	at org.codehaus.groovy.runtime.callsite.AbstractCallSite.callCurrent(AbstractCallSite.java:185)
	at io.restassured.internal.ResponseSpecificationImpl.statusCode(ResponseSpecificationImpl.groovy:135)
	at io.restassured.specification.ResponseSpecification$statusCode$0.callCurrent(Unknown Source)
	at io.restassured.internal.ResponseSpecificationImpl.statusCode(ResponseSpecificationImpl.groovy:143)
	at io.restassured.internal.ValidatableResponseOptionsImpl.statusCode(ValidatableResponseOptionsImpl.java:89)
	at com.amused.testSteps.testStepDef.checkTheSQLInjectionForGetObjectAPI(testStepDef.java:321)
	at ?.Check the &quot;XSS&quot; for get Object API(file:///C:/Personal.work/qa-api-automation/src/test/resources/features/GetObjectAPI.feature:27)
</pre></div></td>
<td>0</td>
<td>com.amused.runner.TestRunner@2630dbc4</td></tr>
<tr>
<td title='com.amused.runner.TestRunner.runScenario()'><b>runScenario</b><br>Test class: com.amused.runner.TestRunner<br>Test method: Runs Cucumber Scenarios<br>Parameters: "Verifying the "invalid_DATA_TYPE_FOR_NAME_Field" Negative Scenarios", "Optional[ADD Single Object POST API]"</td>
<td><div><pre>java.lang.AssertionError: expected [400] but found [405]
	at com.amused.testSteps.testStepDef.validateTheStatusCodeIs(testStepDef.java:184)
	at ?.validate the status code is 400(file:///C:/Personal.work/qa-api-automation/src/test/resources/features/AddObjectAPI.feature:29)
... Removed 7 stack frames</pre></div><a href='#' onClick='toggleBox("stack-trace119165084", this, "Click to show all stack frames", "Click to hide stack frames")'>Click to show all stack frames</a>
<div class='stack-trace' id='stack-trace119165084'><pre>java.lang.AssertionError: expected [400] but found [405]
	at org.testng.Assert.fail(Assert.java:110)
	at org.testng.Assert.failNotEquals(Assert.java:1577)
	at org.testng.Assert.assertEqualsImpl(Assert.java:149)
	at org.testng.Assert.assertEquals(Assert.java:131)
	at org.testng.Assert.assertEquals(Assert.java:1418)
	at org.testng.Assert.assertEquals(Assert.java:1382)
	at org.testng.Assert.assertEquals(Assert.java:1428)
	at com.amused.testSteps.testStepDef.validateTheStatusCodeIs(testStepDef.java:184)
	at ?.validate the status code is 400(file:///C:/Personal.work/qa-api-automation/src/test/resources/features/AddObjectAPI.feature:29)
</pre></div></td>
<td>0</td>
<td>com.amused.runner.TestRunner@2630dbc4</td></tr>
<tr>
<td title='com.amused.runner.TestRunner.runScenario()'><b>runScenario</b><br>Test class: com.amused.runner.TestRunner<br>Test method: Runs Cucumber Scenarios<br>Parameters: "Verify the Positive Scenarios", "Optional[ADD Single Object POST API]"</td>
<td><div><pre>java.lang.AssertionError: userInvokeTheAddObjectAPI Step is failed due to exception of java.lang.NullPointerException
	at com.amused.testSteps.testStepDef.userInvokeTheAddObjectAPI(testStepDef.java:79)
	at ?.user add the Object using api Request(file:///C:/Personal.work/qa-api-automation/src/test/resources/features/AddObjectAPI.feature:10)
... Removed 1 stack frames</pre></div><a href='#' onClick='toggleBox("stack-trace1979021778", this, "Click to show all stack frames", "Click to hide stack frames")'>Click to show all stack frames</a>
<div class='stack-trace' id='stack-trace1979021778'><pre>java.lang.AssertionError: userInvokeTheAddObjectAPI Step is failed due to exception of java.lang.NullPointerException
	at org.testng.Assert.fail(Assert.java:110)
	at com.amused.testSteps.testStepDef.userInvokeTheAddObjectAPI(testStepDef.java:79)
	at ?.user add the Object using api Request(file:///C:/Personal.work/qa-api-automation/src/test/resources/features/AddObjectAPI.feature:10)
</pre></div></td>
<td>4</td>
<td>com.amused.runner.TestRunner@2630dbc4</td></tr>
<tr>
<td title='com.amused.runner.TestRunner.runScenario()'><b>runScenario</b><br>Test class: com.amused.runner.TestRunner<br>Test method: Runs Cucumber Scenarios<br>Parameters: "Verify that the response is not vulnerable to common web application attacks", "Optional[Retrieve Single Object GET API]"</td>
<td><div><pre>java.lang.AssertionError: 1 expectation failed.
Expected status code &lt;403&gt; but was &lt;405&gt;.

	at org.codehaus.groovy.runtime.callsite.ConstructorSite$ConstructorSiteNoUnwrap.callConstructor(ConstructorSite.java:86)
	at org.codehaus.groovy.runtime.callsite.AbstractCallSite.callConstructor(AbstractCallSite.java:277)
	at io.restassured.internal.ResponseSpecificationImpl$HamcrestAssertionClosure.validate(ResponseSpecificationImpl.groovy:512)
	at io.restassured.internal.ResponseSpecificationImpl$HamcrestAssertionClosure$validate$1.call(Unknown Source)
	at io.restassured.internal.ResponseSpecificationImpl.validateResponseIfRequired(ResponseSpecificationImpl.groovy:696)
	at io.restassured.internal.ResponseSpecificationImpl.this$2$validateResponseIfRequired(ResponseSpecificationImpl.groovy)
	at org.codehaus.groovy.runtime.callsite.PlainObjectMetaMethodSite.doInvoke(PlainObjectMetaMethodSite.java:43)
	at org.codehaus.groovy.runtime.callsite.PogoMetaMethodSite$PogoCachedMethodSiteNoUnwrapNoCoerce.invoke(PogoMetaMethodSite.java:198)
	at org.codehaus.groovy.runtime.callsite.PogoMetaMethodSite.callCurrent(PogoMetaMethodSite.java:62)
	at org.codehaus.groovy.runtime.callsite.AbstractCallSite.callCurrent(AbstractCallSite.java:185)
	at io.restassured.internal.ResponseSpecificationImpl.statusCode(ResponseSpecificationImpl.groovy:135)
	at io.restassured.specification.ResponseSpecification$statusCode$0.callCurrent(Unknown Source)
	at io.restassured.internal.ResponseSpecificationImpl.statusCode(ResponseSpecificationImpl.groovy:143)
	at io.restassured.internal.ValidatableResponseOptionsImpl.statusCode(ValidatableResponseOptionsImpl.java:89)
	at com.amused.testSteps.testStepDef.checkTheSQLInjectionForGetObjectAPI(testStepDef.java:330)
	at ?.Check the &quot;CSRF&quot; for get Object API(file:///C:/Personal.work/qa-api-automation/src/test/resources/features/GetObjectAPI.feature:27)
... Removed 10 stack frames</pre></div><a href='#' onClick='toggleBox("stack-trace204836658", this, "Click to show all stack frames", "Click to hide stack frames")'>Click to show all stack frames</a>
<div class='stack-trace' id='stack-trace204836658'><pre>java.lang.AssertionError: 1 expectation failed.
Expected status code &lt;403&gt; but was &lt;405&gt;.

	at java.base/jdk.internal.reflect.NativeConstructorAccessorImpl.newInstance0(Native Method)
	at java.base/jdk.internal.reflect.NativeConstructorAccessorImpl.newInstance(NativeConstructorAccessorImpl.java:62)
	at java.base/jdk.internal.reflect.DelegatingConstructorAccessorImpl.newInstance(DelegatingConstructorAccessorImpl.java:45)
	at java.base/java.lang.reflect.Constructor.newInstance(Constructor.java:490)
	at org.codehaus.groovy.reflection.CachedConstructor.invoke(CachedConstructor.java:73)
	at org.codehaus.groovy.reflection.CachedConstructor.doConstructorInvoke(CachedConstructor.java:60)
	at org.codehaus.groovy.runtime.callsite.ConstructorSite$ConstructorSiteNoUnwrap.callConstructor(ConstructorSite.java:86)
	at org.codehaus.groovy.runtime.callsite.AbstractCallSite.callConstructor(AbstractCallSite.java:277)
	at io.restassured.internal.ResponseSpecificationImpl$HamcrestAssertionClosure.validate(ResponseSpecificationImpl.groovy:512)
	at io.restassured.internal.ResponseSpecificationImpl$HamcrestAssertionClosure$validate$1.call(Unknown Source)
	at io.restassured.internal.ResponseSpecificationImpl.validateResponseIfRequired(ResponseSpecificationImpl.groovy:696)
	at io.restassured.internal.ResponseSpecificationImpl.this$2$validateResponseIfRequired(ResponseSpecificationImpl.groovy)
	at java.base/jdk.internal.reflect.NativeMethodAccessorImpl.invoke0(Native Method)
	at java.base/jdk.internal.reflect.NativeMethodAccessorImpl.invoke(NativeMethodAccessorImpl.java:62)
	at java.base/jdk.internal.reflect.DelegatingMethodAccessorImpl.invoke(DelegatingMethodAccessorImpl.java:43)
	at java.base/java.lang.reflect.Method.invoke(Method.java:566)
	at org.codehaus.groovy.runtime.callsite.PlainObjectMetaMethodSite.doInvoke(PlainObjectMetaMethodSite.java:43)
	at org.codehaus.groovy.runtime.callsite.PogoMetaMethodSite$PogoCachedMethodSiteNoUnwrapNoCoerce.invoke(PogoMetaMethodSite.java:198)
	at org.codehaus.groovy.runtime.callsite.PogoMetaMethodSite.callCurrent(PogoMetaMethodSite.java:62)
	at org.codehaus.groovy.runtime.callsite.AbstractCallSite.callCurrent(AbstractCallSite.java:185)
	at io.restassured.internal.ResponseSpecificationImpl.statusCode(ResponseSpecificationImpl.groovy:135)
	at io.restassured.specification.ResponseSpecification$statusCode$0.callCurrent(Unknown Source)
	at io.restassured.internal.ResponseSpecificationImpl.statusCode(ResponseSpecificationImpl.groovy:143)
	at io.restassured.internal.ValidatableResponseOptionsImpl.statusCode(ValidatableResponseOptionsImpl.java:89)
	at com.amused.testSteps.testStepDef.checkTheSQLInjectionForGetObjectAPI(testStepDef.java:330)
	at ?.Check the &quot;CSRF&quot; for get Object API(file:///C:/Personal.work/qa-api-automation/src/test/resources/features/GetObjectAPI.feature:27)
</pre></div></td>
<td>0</td>
<td>com.amused.runner.TestRunner@2630dbc4</td></tr>
<tr>
<td title='com.amused.runner.TestRunner.runScenario()'><b>runScenario</b><br>Test class: com.amused.runner.TestRunner<br>Test method: Runs Cucumber Scenarios<br>Parameters: "Verify the Positive Scenarios", "Optional[Retrieve Single Object GET API]"</td>
<td><div><pre>java.lang.AssertionError: expected [200] but found [405]
	at com.amused.testSteps.testStepDef.validateTheStatusCodeIs(testStepDef.java:184)
	at ?.validate the status code is 200(file:///C:/Personal.work/qa-api-automation/src/test/resources/features/GetObjectAPI.feature:7)
... Removed 7 stack frames</pre></div><a href='#' onClick='toggleBox("stack-trace1369311252", this, "Click to show all stack frames", "Click to hide stack frames")'>Click to show all stack frames</a>
<div class='stack-trace' id='stack-trace1369311252'><pre>java.lang.AssertionError: expected [200] but found [405]
	at org.testng.Assert.fail(Assert.java:110)
	at org.testng.Assert.failNotEquals(Assert.java:1577)
	at org.testng.Assert.assertEqualsImpl(Assert.java:149)
	at org.testng.Assert.assertEquals(Assert.java:131)
	at org.testng.Assert.assertEquals(Assert.java:1418)
	at org.testng.Assert.assertEquals(Assert.java:1382)
	at org.testng.Assert.assertEquals(Assert.java:1428)
	at com.amused.testSteps.testStepDef.validateTheStatusCodeIs(testStepDef.java:184)
	at ?.validate the status code is 200(file:///C:/Personal.work/qa-api-automation/src/test/resources/features/GetObjectAPI.feature:7)
</pre></div></td>
<td>0</td>
<td>com.amused.runner.TestRunner@2630dbc4</td></tr>
<tr>
<td title='com.amused.runner.TestRunner.runScenario()'><b>runScenario</b><br>Test class: com.amused.runner.TestRunner<br>Test method: Runs Cucumber Scenarios<br>Parameters: "Verify the Negative Scenarios", "Optional[Retrieve Single Object GET API]"</td>
<td><div><pre>java.lang.AssertionError: expected [400] but found [200]
	at com.amused.testSteps.testStepDef.validateTheStatusCodeIs(testStepDef.java:184)
	at ?.validate the status code is 400(file:///C:/Personal.work/qa-api-automation/src/test/resources/features/GetObjectAPI.feature:18)
... Removed 7 stack frames</pre></div><a href='#' onClick='toggleBox("stack-trace1731085912", this, "Click to show all stack frames", "Click to hide stack frames")'>Click to show all stack frames</a>
<div class='stack-trace' id='stack-trace1731085912'><pre>java.lang.AssertionError: expected [400] but found [200]
	at org.testng.Assert.fail(Assert.java:110)
	at org.testng.Assert.failNotEquals(Assert.java:1577)
	at org.testng.Assert.assertEqualsImpl(Assert.java:149)
	at org.testng.Assert.assertEquals(Assert.java:131)
	at org.testng.Assert.assertEquals(Assert.java:1418)
	at org.testng.Assert.assertEquals(Assert.java:1382)
	at org.testng.Assert.assertEquals(Assert.java:1428)
	at com.amused.testSteps.testStepDef.validateTheStatusCodeIs(testStepDef.java:184)
	at ?.validate the status code is 400(file:///C:/Personal.work/qa-api-automation/src/test/resources/features/GetObjectAPI.feature:18)
</pre></div></td>
<td>0</td>
<td>com.amused.runner.TestRunner@2630dbc4</td></tr>
<tr>
<td title='com.amused.runner.TestRunner.runScenario()'><b>runScenario</b><br>Test class: com.amused.runner.TestRunner<br>Test method: Runs Cucumber Scenarios<br>Parameters: "Verifying User ADD Object", "Optional[End to End API Workflow (Add, Get , Update , Patch and Delete)]"</td>
<td><div><pre>java.lang.AssertionError: userInvokeTheAddObjectAPI Step is failed due to exception of java.lang.NullPointerException
	at com.amused.testSteps.testStepDef.userInvokeTheAddObjectAPI(testStepDef.java:79)
	at ?.user add the Object using api Request(file:///C:/Personal.work/qa-api-automation/src/test/resources/features/e2eworkflow.feature:10)
... Removed 1 stack frames</pre></div><a href='#' onClick='toggleBox("stack-trace1839688625", this, "Click to show all stack frames", "Click to hide stack frames")'>Click to show all stack frames</a>
<div class='stack-trace' id='stack-trace1839688625'><pre>java.lang.AssertionError: userInvokeTheAddObjectAPI Step is failed due to exception of java.lang.NullPointerException
	at org.testng.Assert.fail(Assert.java:110)
	at com.amused.testSteps.testStepDef.userInvokeTheAddObjectAPI(testStepDef.java:79)
	at ?.user add the Object using api Request(file:///C:/Personal.work/qa-api-automation/src/test/resources/features/e2eworkflow.feature:10)
</pre></div></td>
<td>0</td>
<td>com.amused.runner.TestRunner@2630dbc4</td></tr>
<tr>
<td title='com.amused.runner.TestRunner.runScenario()'><b>runScenario</b><br>Test class: com.amused.runner.TestRunner<br>Test method: Runs Cucumber Scenarios<br>Parameters: "Verifying Added Object is returned in Get Object API", "Optional[End to End API Workflow (Add, Get , Update , Patch and Delete)]"</td>
<td><div><pre>java.lang.AssertionError: expected [200] but found [405]
	at com.amused.testSteps.testStepDef.validateTheStatusCodeIs(testStepDef.java:184)
	at ?.validate the status code is 200(file:///C:/Personal.work/qa-api-automation/src/test/resources/features/e2eworkflow.feature:19)
... Removed 7 stack frames</pre></div><a href='#' onClick='toggleBox("stack-trace1823076816", this, "Click to show all stack frames", "Click to hide stack frames")'>Click to show all stack frames</a>
<div class='stack-trace' id='stack-trace1823076816'><pre>java.lang.AssertionError: expected [200] but found [405]
	at org.testng.Assert.fail(Assert.java:110)
	at org.testng.Assert.failNotEquals(Assert.java:1577)
	at org.testng.Assert.assertEqualsImpl(Assert.java:149)
	at org.testng.Assert.assertEquals(Assert.java:131)
	at org.testng.Assert.assertEquals(Assert.java:1418)
	at org.testng.Assert.assertEquals(Assert.java:1382)
	at org.testng.Assert.assertEquals(Assert.java:1428)
	at com.amused.testSteps.testStepDef.validateTheStatusCodeIs(testStepDef.java:184)
	at ?.validate the status code is 200(file:///C:/Personal.work/qa-api-automation/src/test/resources/features/e2eworkflow.feature:19)
</pre></div></td>
<td>0</td>
<td>com.amused.runner.TestRunner@2630dbc4</td></tr>
</table><p>
<table width='100%' border='1' class='invocation-passed'>
<tr><td colspan='4' align='center'><b>PASSED TESTS</b></td></tr>
<tr><td><b>Test method</b></td>
<td><b>Attribute(s)</b></td>
<td width="30%"><b>Exception</b></td>
<td width="10%"><b>Time (seconds)</b></td>
<td><b>Instance</b></td>
</tr>
<tr>
<td title='com.amused.runner.TestRunner.runScenario()'><b>runScenario</b><br>Test class: com.amused.runner.TestRunner<br>Test method: Runs Cucumber Scenarios<br>Parameters: "Verify that the Getting 400 error When sending POST request with no Body json.", "Optional[ADD Single Object POST API]"</td>
<td></td>
<td>0</td>
<td>com.amused.runner.TestRunner@2630dbc4</td></tr>
<tr>
<td title='com.amused.runner.TestRunner.runScenario()'><b>runScenario</b><br>Test class: com.amused.runner.TestRunner<br>Test method: Runs Cucumber Scenarios<br>Parameters: "Verify GET request to the API endpoint instead of POST", "Optional[ADD Single Object POST API]"</td>
<td></td>
<td>0</td>
<td>com.amused.runner.TestRunner@2630dbc4</td></tr>
</table><p>
</body>
</html>